生成启动时间为 2015/7/11 12:13:55。
     1>项目“E:\LabTemp\大学生实验项目\五子棋Windows api\五子棋Windows api\五子棋Windows api.vcxproj”在节点 2 上(Build 个目标)。
     1>ClCompile:
         D:\Program Files (x86)\Microsoft Visual Studio 11.0\VC\bin\CL.exe /c /ZI /nologo /W3 /WX- /Od /Oy- /D WIN32 /D _DEBUG /D _WINDOWS /D _UNICODE /D UNICODE /Gm /EHsc /RTC1 /MDd /GS /fp:precise /Zc:wchar_t /Zc:forScope /Fo"Debug\\" /Fd"Debug\vc110.pdb" /Gd /TP /analyze- /errorReport:prompt CComputer.cpp Config.cpp Main.cpp Record.cpp
         Record.cpp
         Main.cpp
     1>e:\labtemp\大学生实验项目\五子棋windows api\五子棋windows api\main.cpp(104): warning C4101: “buffer”: 未引用的局部变量
     1>e:\labtemp\大学生实验项目\五子棋windows api\五子棋windows api\main.cpp(105): warning C4101: “side”: 未引用的局部变量
         Config.cpp
         CComputer.cpp
         正在生成代码...
     1>e:\labtemp\大学生实验项目\五子棋windows api\五子棋windows api\ccomputer.cpp(79): warning C4715: “CComputer::getValue”: 不是所有的控件路径都返回值
       ResourceCompile:
         C:\Program Files (x86)\Windows Kits\8.0\bin\x86\rc.exe /D _UNICODE /D UNICODE /l"0x0409" /nologo /fo"Debug\五子棋Windows api.res" "五子棋Windows api.rc" 
       Link:
         D:\Program Files (x86)\Microsoft Visual Studio 11.0\VC\bin\link.exe /ERRORREPORT:PROMPT /OUT:"E:\LabTemp\大学生实验项目\五子棋Windows api\Debug\五子棋Windows api.exe" /INCREMENTAL /NOLOGO kernel32.lib user32.lib gdi32.lib winspool.lib comdlg32.lib advapi32.lib shell32.lib ole32.lib oleaut32.lib uuid.lib odbc32.lib odbccp32.lib /MANIFEST /MANIFESTUAC:"level='asInvoker' uiAccess='false'" /manifest:embed /DEBUG /PDB:"E:\LabTemp\大学生实验项目\五子棋Windows api\Debug\五子棋Windows api.pdb" /SUBSYSTEM:WINDOWS /TLBID:1 /DYNAMICBASE /NXCOMPAT /IMPLIB:"E:\LabTemp\大学生实验项目\五子棋Windows api\Debug\五子棋Windows api.lib" /MACHINE:X86 "Debug\五子棋Windows api.res"
         Debug\CComputer.obj
         Debug\Config.obj
         Debug\Main.obj
         Debug\Record.obj
         LINK : 没有找到 E:\LabTemp\大学生实验项目\五子棋Windows api\Debug\五子棋Windows api.exe 或上一个增量链接没有生成它；正在执行完全链接
         五子棋Windows api.vcxproj -> E:\LabTemp\大学生实验项目\五子棋Windows api\Debug\五子棋Windows api.exe
     1>已完成生成项目“E:\LabTemp\大学生实验项目\五子棋Windows api\五子棋Windows api\五子棋Windows api.vcxproj”(Build 个目标)的操作。

生成成功。

已用时间 00:00:09.89
